# JRE version: OpenJDK Runtime Environment (11.0.10) (build 11.0.10+0-b96-7249189)
# Java VM: OpenJDK 64-Bit Server VM (11.0.10+0-b96-7249189, mixed mode, tiered, compressed oops, g1 gc, windows-amd64)
Heap:
 garbage-first heap   total 225280K, used 123272K [0x0000000080000000, 0x0000000100000000)
  region size 1024K, 11 young (11264K), 9 survivors (9216K)
 Metaspace       used 110335K, capacity 113529K, committed 113664K, reserved 1146880K
  class space    used 14121K, capacity 15243K, committed 15360K, reserved 1048576K
GC Heap History (20 events):
Event: 6.427 GC heap before
{Heap before GC invocations=12 (full 0):
 garbage-first heap   total 187392K, used 125716K [0x0000000080000000, 0x0000000100000000)
  region size 1024K, 70 young (71680K), 8 survivors (8192K)
 Metaspace       used 58252K, capacity 60021K, committed 60160K, reserved 1101824K
  class space    used 7467K, capacity 8070K, committed 8192K, reserved 1048576K
}
Event: 6.439 GC heap after
{Heap after GC invocations=13 (full 0):
 garbage-first heap   total 187392K, used 71577K [0x0000000080000000, 0x0000000100000000)
  region size 1024K, 11 young (11264K), 11 survivors (11264K)
 Metaspace       used 58252K, capacity 60021K, committed 60160K, reserved 1101824K
  class space    used 7467K, capacity 8070K, committed 8192K, reserved 1048576K
}
Event: 7.339 GC heap before
{Heap before GC invocations=14 (full 0):
 garbage-first heap   total 187392K, used 144281K [0x0000000080000000, 0x0000000100000000)
  region size 1024K, 83 young (84992K), 11 survivors (11264K)
 Metaspace       used 68112K, capacity 70059K, committed 70400K, reserved 1110016K
  class space    used 8683K, capacity 9363K, committed 9472K, reserved 1048576K
}
Event: 7.353 GC heap after
{Heap after GC invocations=15 (full 0):
 garbage-first heap   total 187392K, used 76323K [0x0000000080000000, 0x0000000100000000)
  region size 1024K, 6 young (6144K), 6 survivors (6144K)
 Metaspace       used 68112K, capacity 70059K, committed 70400K, reserved 1110016K
  class space    used 8683K, capacity 9363K, committed 9472K, reserved 1048576K
}
Event: 8.002 GC heap before
{Heap before GC invocations=16 (full 0):
 garbage-first heap   total 187392K, used 148003K [0x0000000080000000, 0x0000000100000000)
  region size 1024K, 76 young (77824K), 6 survivors (6144K)
 Metaspace       used 73299K, capacity 75319K, committed 75520K, reserved 1114112K
  class space    used 9439K, capacity 10128K, committed 10240K, reserved 1048576K
}
Event: 8.012 GC heap after
{Heap after GC invocations=17 (full 0):
 garbage-first heap   total 187392K, used 80704K [0x0000000080000000, 0x0000000100000000)
  region size 1024K, 10 young (10240K), 10 survivors (10240K)
 Metaspace       used 73299K, capacity 75319K, committed 75520K, reserved 1114112K
  class space    used 9439K, capacity 10128K, committed 10240K, reserved 1048576K
}
Event: 8.659 GC heap before
{Heap before GC invocations=17 (full 0):
 garbage-first heap   total 187392K, used 150336K [0x0000000080000000, 0x0000000100000000)
  region size 1024K, 78 young (79872K), 10 survivors (10240K)
 Metaspace       used 79752K, capacity 82010K, committed 82048K, reserved 1120256K
  class space    used 10379K, capacity 11105K, committed 11136K, reserved 1048576K
}
Event: 8.669 GC heap after
{Heap after GC invocations=18 (full 0):
 garbage-first heap   total 225280K, used 84578K [0x0000000080000000, 0x0000000100000000)
  region size 1024K, 9 young (9216K), 9 survivors (9216K)
 Metaspace       used 79752K, capacity 82010K, committed 82048K, reserved 1120256K
  class space    used 10379K, capacity 11105K, committed 11136K, reserved 1048576K
}
Event: 9.502 GC heap before
{Heap before GC invocations=18 (full 0):
 garbage-first heap   total 225280K, used 173666K [0x0000000080000000, 0x0000000100000000)
  region size 1024K, 96 young (98304K), 9 survivors (9216K)
 Metaspace       used 88443K, capacity 90848K, committed 91136K, reserved 1128448K
  class space    used 11417K, capacity 12220K, committed 12288K, reserved 1048576K
}
Event: 9.516 GC heap after
{Heap after GC invocations=19 (full 0):
 garbage-first heap   total 225280K, used 90255K [0x0000000080000000, 0x0000000100000000)
  region size 1024K, 10 young (10240K), 10 survivors (10240K)
 Metaspace       used 88443K, capacity 90848K, committed 91136K, reserved 1128448K
  class space    used 11417K, capacity 12220K, committed 12288K, reserved 1048576K
}
Event: 10.557 GC heap before
{Heap before GC invocations=19 (full 0):
 garbage-first heap   total 225280K, used 178319K [0x0000000080000000, 0x0000000100000000)
  region size 1024K, 97 young (99328K), 10 survivors (10240K)
 Metaspace       used 92469K, capacity 95128K, committed 95360K, reserved 1132544K
  class space    used 11914K, capacity 12826K, committed 12928K, reserved 1048576K
}
Event: 10.571 GC heap after
{Heap after GC invocations=20 (full 0):
 garbage-first heap   total 225280K, used 95686K [0x0000000080000000, 0x0000000100000000)
  region size 1024K, 11 young (11264K), 11 survivors (11264K)
 Metaspace       used 92469K, capacity 95128K, committed 95360K, reserved 1132544K
  class space    used 11914K, capacity 12826K, committed 12928K, reserved 1048576K
}
Event: 12.777 GC heap before
{Heap before GC invocations=20 (full 0):
 garbage-first heap   total 225280K, used 181702K [0x0000000080000000, 0x0000000100000000)
  region size 1024K, 96 young (98304K), 11 survivors (11264K)
 Metaspace       used 102151K, capacity 105047K, committed 105216K, reserved 1140736K
  class space    used 13188K, capacity 14229K, committed 14336K, reserved 1048576K
}
Event: 12.792 GC heap after
{Heap after GC invocations=21 (full 0):
 garbage-first heap   total 225280K, used 101505K [0x0000000080000000, 0x0000000100000000)
  region size 1024K, 11 young (11264K), 11 survivors (11264K)
 Metaspace       used 102151K, capacity 105047K, committed 105216K, reserved 1140736K
  class space    used 13188K, capacity 14229K, committed 14336K, reserved 1048576K
}
Event: 1840.058 GC heap before
{Heap before GC invocations=21 (full 0):
 garbage-first heap   total 225280K, used 184449K [0x0000000080000000, 0x0000000100000000)
  region size 1024K, 92 young (94208K), 11 survivors (11264K)
 Metaspace       used 105725K, capacity 108811K, committed 108928K, reserved 1142784K
  class space    used 13596K, capacity 14696K, committed 14720K, reserved 1048576K
}
Event: 1840.074 GC heap after
{Heap after GC invocations=22 (full 0):
 garbage-first heap   total 225280K, used 104645K [0x0000000080000000, 0x0000000100000000)
  region size 1024K, 9 young (9216K), 9 survivors (9216K)
 Metaspace       used 105725K, capacity 108811K, committed 108928K, reserved 1142784K
  class space    used 13596K, capacity 14696K, committed 14720K, reserved 1048576K
}
Event: 1841.690 GC heap before
{Heap before GC invocations=22 (full 0):
 garbage-first heap   total 225280K, used 185541K [0x0000000080000000, 0x0000000100000000)
  region size 1024K, 89 young (91136K), 9 survivors (9216K)
 Metaspace       used 110183K, capacity 113401K, committed 113664K, reserved 1146880K
  class space    used 14121K, capacity 15243K, committed 15360K, reserved 1048576K
}
Event: 1841.704 GC heap after
{Heap after GC invocations=23 (full 0):
 garbage-first heap   total 225280K, used 111073K [0x0000000080000000, 0x0000000100000000)
  region size 1024K, 10 young (10240K), 10 survivors (10240K)
 Metaspace       used 110183K, capacity 113401K, committed 113664K, reserved 1146880K
  class space    used 14121K, capacity 15243K, committed 15360K, reserved 1048576K
}
Event: 1842.449 GC heap before
{Heap before GC invocations=23 (full 0):
 garbage-first heap   total 225280K, used 132577K [0x0000000080000000, 0x0000000100000000)
  region size 1024K, 32 young (32768K), 10 survivors (10240K)
 Metaspace       used 110335K, capacity 113529K, committed 113664K, reserved 1146880K
  class space    used 14121K, capacity 15243K, committed 15360K, reserved 1048576K
}
Event: 1842.541 GC heap after
{Heap after GC invocations=24 (full 0):
 garbage-first heap   total 225280K, used 119176K [0x0000000080000000, 0x0000000100000000)
  region size 1024K, 9 young (9216K), 9 survivors (9216K)
 Metaspace       used 110335K, capacity 113529K, committed 113664K, reserved 1146880K
  class space    used 14121K, capacity 15243K, committed 15360K, reserved 1048576K
}

